<?xml version="1.0" encoding="UTF-8"?>
<!-- Generated by org.testng.reporters.JUnitXMLReporter -->
<testsuite ignored="0" hostname="LAPTOP-8J3R7791" failures="0" tests="2" name="Homepage validation" time="42.788" errors="0" timestamp="2023-03-07T13:51:11 IST">
  <testcase classname="com.qa.raybiztech.tests.HomePageTest" name="homePageTitleValidation" time="0.159"/>
  <testcase classname="com.qa.raybiztech.tests.HomePageTest" name="rbtLogoValidation" time="1.144"/>
</testsuite> <!-- Homepage validation -->
