<?xml version="1.0" encoding="UTF-8"?>
<testng-results ignored="0" total="1" passed="1" failed="0" skipped="0">
  <reporter-output>
  </reporter-output>
  <suite started-at="2024-01-04T18:50:41 IST" name="raybiztech master suite" finished-at="2024-01-04T18:50:59 IST" duration-ms="17962">
    <groups>
    </groups>
    <test started-at="2024-01-04T18:50:41 IST" name="ArtificialIntelligence validation" finished-at="2024-01-04T18:50:59 IST" duration-ms="17962">
      <class name="com.qa.raybiztech.tests.ArtificialIntelligencePageTest">
        <test-method is-config="true" signature="setUp()[pri:0, instance:com.qa.raybiztech.tests.ArtificialIntelligencePageTest@380e1909]" started-at="2024-01-04T18:50:41 IST" name="setUp" finished-at="2024-01-04T18:50:55 IST" duration-ms="13947" status="PASS">
          <reporter-output>
          </reporter-output>
        </test-method> <!-- setUp -->
        <test-method is-config="true" signature="aipSetup()[pri:0, instance:com.qa.raybiztech.tests.ArtificialIntelligencePageTest@380e1909]" started-at="2024-01-04T18:50:55 IST" name="aipSetup" finished-at="2024-01-04T18:50:58 IST" duration-ms="3170" status="PASS">
          <reporter-output>
          </reporter-output>
        </test-method> <!-- aipSetup -->
        <test-method signature="ArtificialIntelligencePageTitleValidation()[pri:0, instance:com.qa.raybiztech.tests.ArtificialIntelligencePageTest@380e1909]" started-at="2024-01-04T18:50:58 IST" name="ArtificialIntelligencePageTitleValidation" finished-at="2024-01-04T18:50:58 IST" duration-ms="111" status="PASS">
          <reporter-output>
          </reporter-output>
        </test-method> <!-- ArtificialIntelligencePageTitleValidation -->
        <test-method is-config="true" signature="tearDown()[pri:0, instance:com.qa.raybiztech.tests.ArtificialIntelligencePageTest@380e1909]" started-at="2024-01-04T18:50:59 IST" name="tearDown" finished-at="2024-01-04T18:50:59 IST" duration-ms="235" status="PASS">
          <reporter-output>
          </reporter-output>
        </test-method> <!-- tearDown -->
      </class> <!-- com.qa.raybiztech.tests.ArtificialIntelligencePageTest -->
    </test> <!-- ArtificialIntelligence validation -->
  </suite> <!-- raybiztech master suite -->
</testng-results>
